<?xml version="1.0" encoding="UTF-8"?>
<testsuite name="io.somersby.webservice.service.PostsServiceTest" tests="1" skipped="0" failures="0" errors="0" timestamp="2020-01-06T14:03:29" hostname="DESKTOP-DMHCVV4" time="0.54">
  <properties/>
  <testcase name="Dto데이터가_posts테이블에_저장된다" classname="io.somersby.webservice.service.PostsServiceTest" time="0.54"/>
  <system-out><![CDATA[23:03:23.026 [Test worker] DEBUG org.springframework.test.annotation.ProfileValueUtils - Retrieved @ProfileValueSourceConfiguration [null] for test class [io.somersby.webservice.service.PostsServiceTest]
23:03:23.026 [Test worker] DEBUG org.springframework.test.annotation.ProfileValueUtils - Retrieved ProfileValueSource type [class org.springframework.test.annotation.SystemProfileValueSource] for class [io.somersby.webservice.service.PostsServiceTest]
23:03:23.027 [Test worker] DEBUG org.springframework.test.annotation.ProfileValueUtils - Retrieved @ProfileValueSourceConfiguration [null] for test class [io.somersby.webservice.service.PostsServiceTest]
23:03:23.027 [Test worker] DEBUG org.springframework.test.annotation.ProfileValueUtils - Retrieved ProfileValueSource type [class org.springframework.test.annotation.SystemProfileValueSource] for class [io.somersby.webservice.service.PostsServiceTest]
23:03:23.033 [Test worker] DEBUG org.springframework.test.context.support.AbstractDirtiesContextTestExecutionListener - Before test class: context [DefaultTestContext@79a84ba3 testClass = PostsServiceTest, testInstance = [null], testMethod = [null], testException = [null], mergedContextConfiguration = [WebMergedContextConfiguration@65a95b13 testClass = PostsServiceTest, locations = '{}', classes = '{class io.somersby.webservice.Application}', contextInitializerClasses = '[]', activeProfiles = '{}', propertySourceLocations = '{}', propertySourceProperties = '{org.springframework.boot.test.context.SpringBootTestContextBootstrapper=true}', contextCustomizers = set[org.springframework.boot.test.autoconfigure.properties.PropertyMappingContextCustomizer@0, org.springframework.boot.test.autoconfigure.web.servlet.WebDriverContextCustomizerFactory$Customizer@50b24442, org.springframework.boot.test.context.filter.ExcludeFilterContextCustomizer@4dca98a1, org.springframework.boot.test.json.DuplicateJsonObjectContextCustomizerFactory$DuplicateJsonObjectContextCustomizer@65ac063, org.springframework.boot.test.mock.mockito.MockitoContextCustomizer@0, org.springframework.boot.test.web.client.TestRestTemplateContextCustomizer@1b6a3cc0], resourceBasePath = 'src/main/webapp', contextLoader = 'org.springframework.boot.test.context.SpringBootContextLoader', parent = [null]], attributes = map['org.springframework.test.context.web.ServletTestExecutionListener.activateListener' -> true]], class annotated with @DirtiesContext [false] with mode [null].
23:03:23.035 [Test worker] DEBUG org.springframework.test.annotation.ProfileValueUtils - Retrieved @ProfileValueSourceConfiguration [null] for test class [io.somersby.webservice.service.PostsServiceTest]
23:03:23.035 [Test worker] DEBUG org.springframework.test.annotation.ProfileValueUtils - Retrieved ProfileValueSource type [class org.springframework.test.annotation.SystemProfileValueSource] for class [io.somersby.webservice.service.PostsServiceTest]
23:03:23.058 [Test worker] DEBUG org.springframework.test.context.support.TestPropertySourceUtils - Adding inlined properties to environment: {spring.jmx.enabled=false, org.springframework.boot.test.context.SpringBootTestContextBootstrapper=true, server.port=-1}

  .   ____          _            __ _ _
 /\\ / ___'_ __ _ _(_)_ __  __ _ \ \ \ \
( ( )\___ | '_ | '_| | '_ \/ _` | \ \ \ \
 \\/  ___)| |_)| | | | | || (_| |  ) ) ) )
  '  |____| .__|_| |_|_| |_\__, | / / / /
 =========|_|==============|___/=/_/_/_/
 :: Spring Boot ::        (v2.2.2.RELEASE)

2020-01-06 23:03:23.532  INFO 5788 --- [    Test worker] i.s.webservice.service.PostsServiceTest  : Starting PostsServiceTest on DESKTOP-DMHCVV4 with PID 5788 (started by 이영맨 in D:\IdeaProjects\springboot-webservice)
2020-01-06 23:03:23.534  INFO 5788 --- [    Test worker] i.s.webservice.service.PostsServiceTest  : No active profile set, falling back to default profiles: default
2020-01-06 23:03:24.629  INFO 5788 --- [    Test worker] .s.d.r.c.RepositoryConfigurationDelegate : Bootstrapping Spring Data JPA repositories in DEFAULT mode.
2020-01-06 23:03:24.704  INFO 5788 --- [    Test worker] .s.d.r.c.RepositoryConfigurationDelegate : Finished Spring Data repository scanning in 66ms. Found 1 JPA repository interfaces.
2020-01-06 23:03:25.154  INFO 5788 --- [    Test worker] trationDelegate$BeanPostProcessorChecker : Bean 'org.springframework.transaction.annotation.ProxyTransactionManagementConfiguration' of type [org.springframework.transaction.annotation.ProxyTransactionManagementConfiguration] is not eligible for getting processed by all BeanPostProcessors (for example: not eligible for auto-proxying)
2020-01-06 23:03:25.295  INFO 5788 --- [    Test worker] trationDelegate$BeanPostProcessorChecker : Bean 'pl.allegro.tech.boot.autoconfigure.handlebars.HandlebarsHelpersAutoConfiguration' of type [pl.allegro.tech.boot.autoconfigure.handlebars.HandlebarsHelpersAutoConfiguration$$EnhancerBySpringCGLIB$$588e84d0] is not eligible for getting processed by all BeanPostProcessors (for example: not eligible for auto-proxying)
2020-01-06 23:03:25.322  INFO 5788 --- [    Test worker] trationDelegate$BeanPostProcessorChecker : Bean 'handlebars.resolver-pl.allegro.tech.boot.autoconfigure.handlebars.HandlebarsValueResolversProperties' of type [pl.allegro.tech.boot.autoconfigure.handlebars.HandlebarsValueResolversProperties] is not eligible for getting processed by all BeanPostProcessors (for example: not eligible for auto-proxying)
2020-01-06 23:03:25.332  INFO 5788 --- [    Test worker] trationDelegate$BeanPostProcessorChecker : Bean 'handlebars-pl.allegro.tech.boot.autoconfigure.handlebars.HandlebarsProperties' of type [pl.allegro.tech.boot.autoconfigure.handlebars.HandlebarsProperties] is not eligible for getting processed by all BeanPostProcessors (for example: not eligible for auto-proxying)
2020-01-06 23:03:25.337  INFO 5788 --- [    Test worker] trationDelegate$BeanPostProcessorChecker : Bean 'pl.allegro.tech.boot.autoconfigure.handlebars.HandlebarsAutoConfiguration$HandlebarsViewResolverConfiguration' of type [pl.allegro.tech.boot.autoconfigure.handlebars.HandlebarsAutoConfiguration$HandlebarsViewResolverConfiguration$$EnhancerBySpringCGLIB$$6b75af6e] is not eligible for getting processed by all BeanPostProcessors (for example: not eligible for auto-proxying)
2020-01-06 23:03:25.451  INFO 5788 --- [    Test worker] trationDelegate$BeanPostProcessorChecker : Bean 'handlebarsViewResolver' of type [com.github.jknack.handlebars.springmvc.HandlebarsViewResolver] is not eligible for getting processed by all BeanPostProcessors (for example: not eligible for auto-proxying)
2020-01-06 23:03:25.615  INFO 5788 --- [    Test worker] com.zaxxer.hikari.HikariDataSource       : HikariPool-1 - Starting...
2020-01-06 23:03:25.849  INFO 5788 --- [    Test worker] com.zaxxer.hikari.HikariDataSource       : HikariPool-1 - Start completed.
2020-01-06 23:03:25.936  INFO 5788 --- [    Test worker] o.hibernate.jpa.internal.util.LogHelper  : HHH000204: Processing PersistenceUnitInfo [
	name: default
	...]
2020-01-06 23:03:26.034  INFO 5788 --- [    Test worker] org.hibernate.Version                    : HHH000412: Hibernate Core {5.2.11.Final}
2020-01-06 23:03:26.036  INFO 5788 --- [    Test worker] org.hibernate.cfg.Environment            : HHH000206: hibernate.properties not found
2020-01-06 23:03:26.089  INFO 5788 --- [    Test worker] o.hibernate.annotations.common.Version   : HCANN000001: Hibernate Commons Annotations {5.0.1.Final}
2020-01-06 23:03:26.236  INFO 5788 --- [    Test worker] org.hibernate.dialect.Dialect            : HHH000400: Using dialect: org.hibernate.dialect.H2Dialect
2020-01-06 23:03:26.845  INFO 5788 --- [    Test worker] o.h.t.schema.internal.SchemaCreatorImpl  : HHH000476: Executing import script 'org.hibernate.tool.schema.internal.exec.ScriptSourceInputNonExistentImpl@7e1343d'
2020-01-06 23:03:26.849  INFO 5788 --- [    Test worker] j.LocalContainerEntityManagerFactoryBean : Initialized JPA EntityManagerFactory for persistence unit 'default'
2020-01-06 23:03:27.257 ERROR 5788 --- [    Test worker] o.a.catalina.core.AprLifecycleListener   : An incompatible version [1.1.20] of the APR based Apache Tomcat Native library is installed, while Tomcat requires version [1.2.14]
2020-01-06 23:03:27.534  WARN 5788 --- [    Test worker] JpaBaseConfiguration$JpaWebConfiguration : spring.jpa.open-in-view is enabled by default. Therefore, database queries may be performed during view rendering. Explicitly configure spring.jpa.open-in-view to disable this warning
2020-01-06 23:03:27.974  INFO 5788 --- [    Test worker] o.s.s.concurrent.ThreadPoolTaskExecutor  : Initializing ExecutorService 'applicationTaskExecutor'
2020-01-06 23:03:28.750  INFO 5788 --- [    Test worker] o.s.b.a.h2.H2ConsoleAutoConfiguration    : H2 console available at '/h2-console'. Database available at 'jdbc:h2:mem:testdb'
2020-01-06 23:03:28.890  INFO 5788 --- [    Test worker] o.s.b.a.e.web.EndpointLinksResolver      : Exposing 2 endpoint(s) beneath base path '/actuator'
2020-01-06 23:03:28.956  INFO 5788 --- [    Test worker] i.s.webservice.service.PostsServiceTest  : Started PostsServiceTest in 5.885 seconds (JVM running for 8.344)
2020-01-06 23:03:29.383  INFO 5788 --- [    Test worker] o.h.h.i.QueryTranslatorFactoryInitiator  : HHH000397: Using ASTQueryTranslatorFactory
]]></system-out>
  <system-err><![CDATA[]]></system-err>
</testsuite>
